<?xml version="1.0" encoding="UTF-8"?>
<testng-results ignored="0" total="3" passed="3" failed="0" skipped="0">
  <reporter-output>
  </reporter-output>
  <suite started-at="2023-02-27T19:51:08 PST" name="GitHub Integration - Guru99 Web Test Suite" finished-at="2023-02-27T19:51:31 PST" duration-ms="22743">
    <groups>
    </groups>
    <test started-at="2023-02-27T19:51:08 PST" name="Test Guru99 Website Page - GitHub Integration" finished-at="2023-02-27T19:51:31 PST" duration-ms="22743">
      <class name="com.testcases.SampleTest">
        <test-method is-config="true" signature="setup()[pri:0, instance:com.testcases.SampleTest@6340e5f0]" started-at="2023-02-27T19:51:08 PST" name="setup" finished-at="2023-02-27T19:51:30 PST" duration-ms="22206" status="PASS">
          <reporter-output>
          </reporter-output>
        </test-method> <!-- setup -->
        <test-method signature="TC_1()[pri:0, instance:com.testcases.SampleTest@6340e5f0]" started-at="2023-02-27T19:51:30 PST" name="TC_1" finished-at="2023-02-27T19:51:30 PST" duration-ms="5" status="PASS">
          <reporter-output>
          </reporter-output>
        </test-method> <!-- TC_1 -->
        <test-method signature="TC_2()[pri:0, instance:com.testcases.SampleTest@6340e5f0]" started-at="2023-02-27T19:51:30 PST" name="TC_2" finished-at="2023-02-27T19:51:30 PST" duration-ms="2" status="PASS">
          <reporter-output>
          </reporter-output>
        </test-method> <!-- TC_2 -->
        <test-method signature="TC_3()[pri:0, instance:com.testcases.SampleTest@6340e5f0]" started-at="2023-02-27T19:51:30 PST" name="TC_3" finished-at="2023-02-27T19:51:30 PST" duration-ms="2" status="PASS">
          <reporter-output>
          </reporter-output>
        </test-method> <!-- TC_3 -->
        <test-method is-config="true" signature="teardown()[pri:0, instance:com.testcases.SampleTest@6340e5f0]" started-at="2023-02-27T19:51:30 PST" name="teardown" finished-at="2023-02-27T19:51:31 PST" duration-ms="445" status="PASS">
          <reporter-output>
          </reporter-output>
        </test-method> <!-- teardown -->
      </class> <!-- com.testcases.SampleTest -->
    </test> <!-- Test Guru99 Website Page - GitHub Integration -->
  </suite> <!-- GitHub Integration - Guru99 Web Test Suite -->
</testng-results>
